<?xml version="1.0" encoding="UTF-8"?>
<!-- Generated by org.testng.reporters.JUnitXMLReporter -->
<testsuite hostname="Prasad" ignored="0" name="Login Test"
	tests="1" failures="1" timestamp="06 Mar 2020 06:08:16 GMT"
	time="1.425" errors="0">
	<testcase name="feature" time="0.0"
		classname="TestRunner.TestRunner">
		<failure type="org.testng.TestNGException"
			message="
Method public void TestRunner.TestRunner.feature(cucumber.api.testng.CucumberFeatureWrapper) requires a @DataProvider named : features">
      <![CDATA[org.testng.TestNGException: 
Method public void TestRunner.TestRunner.feature(cucumber.api.testng.CucumberFeatureWrapper) requires a @DataProvider named : features
at java.util.concurrent.FutureTask.run(Unknown Source)
at java.util.concurrent.ThreadPoolExecutor.runWorker(Unknown Source)
at java.util.concurrent.ThreadPoolExecutor$Worker.run(Unknown Source)
at java.lang.Thread.run(Unknown Source)
... Removed 13 stack frames]]>
		</failure>
	</testcase> <!-- feature -->
</testsuite> <!-- Login Test -->
