<?xml version="1.0" encoding="UTF-8"?>
<testng-results total="1" passed="1" failed="0"
	skipped="0">
	<reporter-output>
	</reporter-output>
	<suite started-at="2020-07-02T21:22:55Z" name="Default suite"
		finished-at="2020-07-02T21:25:36Z" duration-ms="160865">
		<groups>
			<group name="cucumber">
				<method
					signature="TestRunner.feature(cucumber.api.testng.CucumberFeatureWrapper)[pri:0, instance:com.Inspire_Automation.TestRunner.TestRunner@2e8c1c9b]"
					name="feature" class="com.Inspire_Automation.TestRunner.TestRunner" />
			</group> <!-- cucumber -->
		</groups>
		<test started-at="2020-07-02T21:22:55Z" name="Default test"
			finished-at="2020-07-02T21:25:36Z" duration-ms="160865">
			<class name="com.Inspire_Automation.TestRunner.TestRunner">
				<test-method is-config="true"
					signature="beforetest(java.lang.String)[pri:0, instance:com.Inspire_Automation.TestRunner.TestRunner@2e8c1c9b]"
					started-at="2020-07-03T02:52:55Z" name="beforetest"
					finished-at="2020-07-03T02:52:55Z" duration-ms="30" status="PASS">
					<params>
						<param index="0">
							<value>
                <![CDATA[param-val-not-found]]>
							</value>
						</param>
					</params>
					<reporter-output>
					</reporter-output>
				</test-method> <!-- beforetest -->
				<test-method is-config="true"
					signature="setUpClass()[pri:0, instance:com.Inspire_Automation.TestRunner.TestRunner@2e8c1c9b]"
					started-at="2020-07-03T02:52:55Z" name="setUpClass"
					test-instance-name="End to end TestCase"
					finished-at="2020-07-03T02:52:56Z" duration-ms="816" status="PASS">
					<reporter-output>
					</reporter-output>
				</test-method> <!-- setUpClass -->
				<test-method is-config="true"
					signature="beforeClass()[pri:0, instance:com.Inspire_Automation.TestRunner.TestRunner@2e8c1c9b]"
					started-at="2020-07-03T02:52:56Z" name="beforeClass"
					test-instance-name="End to end TestCase"
					finished-at="2020-07-03T02:52:56Z" duration-ms="67" status="PASS">
					<reporter-output>
					</reporter-output>
				</test-method> <!-- beforeClass -->
				<test-method is-config="true"
					signature="beforeMethod([Ljava.lang.Object;)[pri:0, instance:com.Inspire_Automation.TestRunner.TestRunner@2e8c1c9b]"
					started-at="2020-07-03T02:52:57Z" name="beforeMethod"
					test-instance-name="End to end TestCase"
					finished-at="2020-07-03T02:52:57Z" duration-ms="2" status="PASS">
					<params>
						<param index="0">
							<value>
                <![CDATA[[Ljava.lang.Object;@79b663b3]]>
							</value>
						</param>
					</params>
					<reporter-output>
					</reporter-output>
				</test-method> <!-- beforeMethod -->
				<test-method
					signature="feature(cucumber.api.testng.CucumberFeatureWrapper)[pri:0, instance:com.Inspire_Automation.TestRunner.TestRunner@2e8c1c9b]"
					started-at="2020-07-03T02:52:57Z" name="feature"
					description="Runs CucumberFeature" data-provider="features"
					test-instance-name="End to end TestCase"
					finished-at="2020-07-03T02:55:35Z" duration-ms="158414"
					status="PASS">
					<params>
						<param index="0">
							<value>
                <![CDATA[End to end TestCase]]>
							</value>
						</param>
					</params>
					<reporter-output>
					</reporter-output>
				</test-method> <!-- feature -->
				<test-method is-config="true"
					signature="afterClass()[pri:0, instance:com.Inspire_Automation.TestRunner.TestRunner@2e8c1c9b]"
					started-at="2020-07-03T02:55:35Z" name="afterClass"
					test-instance-name="End to end TestCase"
					finished-at="2020-07-03T02:55:35Z" duration-ms="1" status="PASS">
					<reporter-output>
					</reporter-output>
				</test-method> <!-- afterClass -->
				<test-method is-config="true"
					signature="tearDownClass()[pri:0, instance:com.Inspire_Automation.TestRunner.TestRunner@2e8c1c9b]"
					started-at="2020-07-03T02:55:35Z" name="tearDownClass"
					test-instance-name="End to end TestCase"
					finished-at="2020-07-03T02:55:36Z" duration-ms="1197" status="PASS">
					<reporter-output>
					</reporter-output>
				</test-method> <!-- tearDownClass -->
			</class> <!-- com.Inspire_Automation.TestRunner.TestRunner -->
		</test> <!-- Default test -->
	</suite> <!-- Default suite -->
</testng-results>
