<?xml version="1.0" encoding="UTF-8"?>
<!-- Generated by org.testng.reporters.JUnitXMLReporter -->
<testsuite hostname="Prasad" ignored="0" name="Test2"
	tests="1" failures="0" timestamp="01 Jun 2020 11:49:27 GMT"
	time="92.952" errors="0">
	<testcase name="@AfterMethod Teardown" time="0.001"
		classname="TestRunner.TestRunner">
		<failure type="java.lang.ClassCastException"
			message="org.testng.internal.TestResult cannot be cast to cucumber.api.Scenario">
      <![CDATA[java.lang.ClassCastException: org.testng.internal.TestResult cannot be cast to cucumber.api.Scenario
at TestRunner.TestRunner.Teardown(TestRunner.java:88)
at java.util.concurrent.FutureTask.run(Unknown Source)
at java.util.concurrent.Executors$RunnableAdapter.call(Unknown Source)
at java.util.concurrent.FutureTask.run(Unknown Source)
at java.util.concurrent.ThreadPoolExecutor.runWorker(Unknown Source)
at java.util.concurrent.ThreadPoolExecutor$Worker.run(Unknown Source)
at java.lang.Thread.run(Unknown Source)
... Removed 12 stack frames]]>
		</failure>
	</testcase> <!-- @AfterMethod Teardown -->
	<testcase name="Inspire login page appear" time="0.385"
		classname="TestRunner.TestRunner" />
</testsuite> <!-- Test2 -->
